0 info it worked if it ends with ok
1 verbose cli [ 'C:\\Program Files\\nodejs\\\\node.exe',
1 verbose cli   'C:\\Program Files\\nodejs\\node_modules\\npm\\bin\\npm-cli.js',
1 verbose cli   'install',
1 verbose cli   'underscore-min' ]
2 info using npm@1.2.14
3 info using node@v0.10.0
4 verbose node symlink C:\Program Files\nodejs\\node.exe
5 verbose read json C:\Users\Stephan\AppData\Roaming\Sublime Text 2\Packages\Refactor\js\package.json
6 verbose read json C:\Users\Stephan\AppData\Roaming\Sublime Text 2\Packages\Refactor\js\node_modules\js-beautify\package.json
7 verbose read json C:\Users\Stephan\AppData\Roaming\Sublime Text 2\Packages\Refactor\js\node_modules\nodelint\package.json
8 verbose read json C:\Users\Stephan\AppData\Roaming\Sublime Text 2\Packages\Refactor\js\node_modules\uglify-js\package.json
9 verbose read json C:\Users\Stephan\AppData\Roaming\Sublime Text 2\Packages\Refactor\js\package.json
10 verbose cache add [ 'underscore-min', null ]
11 verbose cache add name=undefined spec="underscore-min" args=["underscore-min",null]
12 verbose parsed url { protocol: null,
12 verbose parsed url   slashes: null,
12 verbose parsed url   auth: null,
12 verbose parsed url   host: null,
12 verbose parsed url   port: null,
12 verbose parsed url   hostname: null,
12 verbose parsed url   hash: null,
12 verbose parsed url   search: null,
12 verbose parsed url   query: null,
12 verbose parsed url   pathname: 'underscore-min',
12 verbose parsed url   path: 'underscore-min',
12 verbose parsed url   href: 'underscore-min' }
13 silly lockFile 292eb53f-underscore-min underscore-min
14 verbose lock underscore-min C:\Users\Stephan\AppData\Roaming\npm-cache\292eb53f-underscore-min.lock
15 silly lockFile 292eb53f-underscore-min underscore-min
16 silly lockFile 292eb53f-underscore-min underscore-min
17 verbose addNamed [ 'underscore-min', '' ]
18 verbose addNamed [ null, '' ]
19 silly lockFile 78303b36-underscore-min underscore-min@
20 verbose lock underscore-min@ C:\Users\Stephan\AppData\Roaming\npm-cache\78303b36-underscore-min.lock
21 silly addNameRange { name: 'underscore-min', range: '', hasData: false }
22 verbose url raw underscore-min
23 verbose url resolving [ 'https://registry.npmjs.org/', './underscore-min' ]
24 verbose url resolved https://registry.npmjs.org/underscore-min
25 info trying registry request attempt 1 at 16:11:24
26 http GET https://registry.npmjs.org/underscore-min
27 http 404 https://registry.npmjs.org/underscore-min
28 silly registry.get cb [ 404,
28 silly registry.get   { server: 'CouchDB/1.2.1 (Erlang OTP/R15B03)',
28 silly registry.get     date: 'Thu, 21 Mar 2013 15:11:28 GMT',
28 silly registry.get     'content-type': 'application/json',
28 silly registry.get     'content-length': '52',
28 silly registry.get     'cache-control': 'must-revalidate' } ]
29 silly lockFile 78303b36-underscore-min underscore-min@
30 silly lockFile 78303b36-underscore-min underscore-min@
31 error 404 'underscore-min' is not in the npm registry.
31 error 404 You should bug the author to publish it
31 error 404
31 error 404 Note that you can also install from a
31 error 404 tarball, folder, or http url, or git url.
32 error System Windows_NT 6.1.7601
33 error command "C:\\Program Files\\nodejs\\\\node.exe" "C:\\Program Files\\nodejs\\node_modules\\npm\\bin\\npm-cli.js" "install" "underscore-min"
34 error cwd C:\Users\Stephan\AppData\Roaming\Sublime Text 2\Packages\Refactor\js
35 error node -v v0.10.0
36 error npm -v 1.2.14
37 error code E404
38 verbose exit [ 1, true ]
